{"total": {"lines":{"total":35,"covered":35,"skipped":0,"pct":100},"statements":{"total":38,"covered":38,"skipped":0,"pct":100},"functions":{"total":3,"covered":3,"skipped":0,"pct":100},"branches":{"total":14,"covered":14,"skipped":0,"pct":100}}
,"/Users/larycheveugene/Projects/algorithms/src/binary-search/iteration-approach.ts": {"lines":{"total":21,"covered":21,"skipped":0,"pct":100},"functions":{"total":2,"covered":2,"skipped":0,"pct":100},"statements":{"total":23,"covered":23,"skipped":0,"pct":100},"branches":{"total":6,"covered":6,"skipped":0,"pct":100}}
,"/Users/larycheveugene/Projects/algorithms/src/recursion/recursion.ts": {"lines":{"total":14,"covered":14,"skipped":0,"pct":100},"functions":{"total":1,"covered":1,"skipped":0,"pct":100},"statements":{"total":15,"covered":15,"skipped":0,"pct":100},"branches":{"total":8,"covered":8,"skipped":0,"pct":100}}
}
