{"/Users/larycheveugene/Projects/algorithms/src/binary-search/iteration-approach.ts": {"path":"/Users/larycheveugene/Projects/algorithms/src/binary-search/iteration-approach.ts","statementMap":{"0":{"start":{"line":6,"column":37},"end":{"line":34,"column":1}},"1":{"start":{"line":7,"column":2},"end":{"line":7,"column":33}},"2":{"start":{"line":9,"column":19},"end":{"line":9,"column":20}},"3":{"start":{"line":10,"column":25},"end":{"line":10,"column":41}},"4":{"start":{"line":11,"column":22},"end":{"line":11,"column":23}},"5":{"start":{"line":13,"column":2},"end":{"line":31,"column":null}},"6":{"start":{"line":14,"column":22},"end":{"line":14,"column":61}},"7":{"start":{"line":16,"column":4},"end":{"line":16,"column":null}},"8":{"start":{"line":18,"column":4},"end":{"line":22,"column":null}},"9":{"start":{"line":19,"column":6},"end":{"line":19,"column":40}},"10":{"start":{"line":21,"column":6},"end":{"line":21,"column":86}},"11":{"start":{"line":24,"column":4},"end":{"line":26,"column":null}},"12":{"start":{"line":25,"column":6},"end":{"line":25,"column":35}},"13":{"start":{"line":28,"column":4},"end":{"line":30,"column":null}},"14":{"start":{"line":29,"column":6},"end":{"line":29,"column":33}},"15":{"start":{"line":33,"column":2},"end":{"line":33,"column":null}},"16":{"start":{"line":6,"column":13},"end":{"line":6,"column":37}},"17":{"start":{"line":36,"column":15},"end":{"line":36,"column":22}},"18":{"start":{"line":37,"column":12},"end":{"line":37,"column":57}},"19":{"start":{"line":37,"column":51},"end":{"line":37,"column":57}},"20":{"start":{"line":38,"column":10},"end":{"line":38,"column":13}},"21":{"start":{"line":40,"column":15},"end":{"line":40,"column":44}},"22":{"start":{"line":42,"column":0},"end":{"line":42,"column":20}}},"fnMap":{"0":{"name":"(anonymous_0)","decl":{"start":{"line":6,"column":37},"end":{"line":6,"column":38}},"loc":{"start":{"line":6,"column":89},"end":{"line":34,"column":1}}},"1":{"name":"(anonymous_1)","decl":{"start":{"line":37,"column":41},"end":{"line":37,"column":42}},"loc":{"start":{"line":37,"column":46},"end":{"line":37,"column":52}}}},"branchMap":{"0":{"loc":{"start":{"line":18,"column":4},"end":{"line":22,"column":null}},"type":"if","locations":[{"start":{"line":18,"column":4},"end":{"line":22,"column":null}},{"start":{"line":18,"column":4},"end":{"line":22,"column":null}}]},"1":{"loc":{"start":{"line":24,"column":4},"end":{"line":26,"column":null}},"type":"if","locations":[{"start":{"line":24,"column":4},"end":{"line":26,"column":null}},{"start":{"line":24,"column":4},"end":{"line":26,"column":null}}]},"2":{"loc":{"start":{"line":28,"column":4},"end":{"line":30,"column":null}},"type":"if","locations":[{"start":{"line":28,"column":4},"end":{"line":30,"column":null}},{"start":{"line":28,"column":4},"end":{"line":30,"column":null}}]}},"s":{"0":1,"1":4,"2":4,"3":4,"4":4,"5":4,"6":29,"7":29,"8":29,"9":3,"10":3,"11":26,"12":9,"13":26,"14":17,"15":1,"16":1,"17":1,"18":1,"19":1000000,"20":1,"21":1,"22":1},"f":{"0":4,"1":1000000},"b":{"0":[3,26],"1":[9,17],"2":[17,9]}}
,"/Users/larycheveugene/Projects/algorithms/src/recursion/recursion.ts": {"path":"/Users/larycheveugene/Projects/algorithms/src/recursion/recursion.ts","statementMap":{"0":{"start":{"line":5,"column":13},"end":{"line":5,"column":null}},"1":{"start":{"line":6,"column":13},"end":{"line":6,"column":null}},"2":{"start":{"line":8,"column":14},"end":{"line":14,"column":null}},"3":{"start":{"line":16,"column":25},"end":{"line":34,"column":1}},"4":{"start":{"line":17,"column":22},"end":{"line":17,"column":40}},"5":{"start":{"line":19,"column":2},"end":{"line":21,"column":null}},"6":{"start":{"line":20,"column":4},"end":{"line":20,"column":29}},"7":{"start":{"line":23,"column":2},"end":{"line":25,"column":null}},"8":{"start":{"line":24,"column":4},"end":{"line":24,"column":25}},"9":{"start":{"line":27,"column":2},"end":{"line":31,"column":null}},"10":{"start":{"line":28,"column":4},"end":{"line":28,"column":null}},"11":{"start":{"line":30,"column":4},"end":{"line":30,"column":null}},"12":{"start":{"line":33,"column":2},"end":{"line":33,"column":null}},"13":{"start":{"line":16,"column":13},"end":{"line":16,"column":25}},"14":{"start":{"line":36,"column":0},"end":{"line":36,"column":null}}},"fnMap":{"0":{"name":"(anonymous_1)","decl":{"start":{"line":16,"column":25},"end":{"line":16,"column":26}},"loc":{"start":{"line":16,"column":43},"end":{"line":34,"column":1}}}},"branchMap":{"0":{"loc":{"start":{"line":19,"column":2},"end":{"line":21,"column":null}},"type":"if","locations":[{"start":{"line":19,"column":2},"end":{"line":21,"column":null}},{"start":{"line":19,"column":2},"end":{"line":21,"column":null}}]},"1":{"loc":{"start":{"line":23,"column":2},"end":{"line":25,"column":null}},"type":"if","locations":[{"start":{"line":23,"column":2},"end":{"line":25,"column":null}},{"start":{"line":23,"column":2},"end":{"line":25,"column":null}}]},"2":{"loc":{"start":{"line":27,"column":2},"end":{"line":31,"column":null}},"type":"if","locations":[{"start":{"line":27,"column":2},"end":{"line":31,"column":null}},{"start":{"line":27,"column":2},"end":{"line":31,"column":null}}]},"3":{"loc":{"start":{"line":27,"column":6},"end":{"line":27,"column":29}},"type":"binary-expr","locations":[{"start":{"line":27,"column":6},"end":{"line":27,"column":29}},{"start":{"line":27,"column":33},"end":{"line":27,"column":63}}]}},"s":{"0":1,"1":1,"2":1,"3":1,"4":27,"5":27,"6":1,"7":26,"8":2,"9":24,"10":13,"11":13,"12":11,"13":1,"14":1},"f":{"0":27},"b":{"0":[1,26],"1":[2,24],"2":[13,11],"3":[24,16]}}
}
