TN:
SF:src/binary-search/iteration-approach.ts
FN:6,(anonymous_0)
FN:37,(anonymous_1)
FNF:2
FNH:2
FNDA:4,(anonymous_0)
FNDA:1000000,(anonymous_1)
DA:6,1
DA:7,4
DA:9,4
DA:10,4
DA:11,4
DA:13,4
DA:14,29
DA:16,29
DA:18,29
DA:19,3
DA:21,3
DA:24,26
DA:25,9
DA:28,26
DA:29,17
DA:33,1
DA:36,1
DA:37,1000000
DA:38,1
DA:40,1
DA:42,1
LF:21
LH:21
BRDA:18,0,0,3
BRDA:18,0,1,26
BRDA:24,1,0,9
BRDA:24,1,1,17
BRDA:28,2,0,17
BRDA:28,2,1,9
BRF:6
BRH:6
end_of_record
TN:
SF:src/recursion/recursion.ts
FN:16,(anonymous_1)
FNF:1
FNH:1
FNDA:27,(anonymous_1)
DA:5,1
DA:6,1
DA:8,1
DA:16,1
DA:17,27
DA:19,27
DA:20,1
DA:23,26
DA:24,2
DA:27,24
DA:28,13
DA:30,13
DA:33,11
DA:36,1
LF:14
LH:14
BRDA:19,0,0,1
BRDA:19,0,1,26
BRDA:23,1,0,2
BRDA:23,1,1,24
BRDA:27,2,0,13
BRDA:27,2,1,11
BRDA:27,3,0,24
BRDA:27,3,1,16
BRF:8
BRH:8
end_of_record
